"G:/Projects/LazerLynx/Content/Audio/SFX/BookSounds/Book__Movement_In_Bookcase_SND23881.uasset" 0
"G:/Projects/LazerLynx/Content/Audio/SFX/BookSounds/Book__Movement_In_Bookcase_SND23881_3.uasset" 1
"G:/Projects/LazerLynx/Content/Audio/SFX/Button/Switches__Plastic__Push_Button_SND6550.uasset" 2
"G:/Projects/LazerLynx/Content/Audio/SFX/Button/Switches__Plastic__Push_Button_SND6550_2.uasset" 3
"G:/Projects/LazerLynx/Content/Audio/SFX/Button/Switches__Plastic__Push_Button_SND6550_3.uasset" 4
"G:/Projects/LazerLynx/Content/Audio/SFX/Button/Switches__Plastic__Push_Button_SND6550_4.uasset" 5
"G:/Projects/LazerLynx/Content/Audio/SFX/Steps/Step_1.uasset" 6
"G:/Projects/LazerLynx/Content/Audio/SFX/Steps/Step_2.uasset" 7
"G:/Projects/LazerLynx/Content/Audio/SFX/Steps/Step_3.uasset" 8
"G:/Projects/LazerLynx/Content/Audio/SFX/Steps/Step_4.uasset" 9
"../../../Engine/Content/Animation/DefaultAnimBoneCompressionSettings.uasset" 10
"../../../Engine/Content/Animation/DefaultAnimCurveCompressionSettings.uasset" 11
"../../../Engine/Content/EngineMaterials/T_Default_Material_Grid_N.uasset" 12
"../../../Engine/Content/EngineMaterials/T_Default_Material_Grid_M.uasset" 13
"../../../Engine/Content/Functions/Engine_MaterialFunctions01/Opacity/CameraDepthFade.uasset" 14
"../../../Engine/Content/EngineMaterials/WorldGridMaterial.uasset" 15
"../../../Engine/Content/ArtTools/RenderToTexture/Meshes/S_1_Unit_Plane.uasset" 16
"../../../Engine/Content/EngineMaterials/DefaultMaterial.uasset" 17
"../../../Engine/Content/BasicShapes/Cone.uasset" 18
"../../../Engine/Content/BasicShapes/Sphere.uasset" 19
"../../../Engine/Content/EditorLandscapeResources/DataLayer.uasset" 20
"../../../Engine/Content/EditorLandscapeResources/DefaultAlphaTexture.uasset" 21
"../../../Engine/Content/EditorMaterials/MAT_Groups_Toggle.uasset" 22
"../../../Engine/Content/EditorMaterials/MAT_Groups_Visibility.uasset" 23
"../../../Engine/Content/EditorMaterials/PreviewShadowIndicator.uasset" 24
"../../../Engine/Content/EditorMaterials/PreviewShadowIndicatorMaterial.uasset" 25
"../../../Engine/Content/EditorMaterials/MatineeGroups/MAT_ColorTrack.uasset" 26
"../../../Engine/Content/EditorMaterials/MatineeGroups/MAT_Groups_Anim.uasset" 27
"../../../Engine/Content/EditorMaterials/MatineeGroups/MAT_Groups_AudioMaster.uasset" 28
"../../../Engine/Content/EditorMaterials/MatineeGroups/MAT_Groups_Director.uasset" 29
"../../../Engine/Content/EditorMaterials/MatineeGroups/MAT_Groups_Event.uasset" 30
"../../../Engine/Content/EditorMaterials/MatineeGroups/MAT_Groups_Fade.uasset" 31
"../../../Engine/Content/EditorMaterials/MatineeGroups/MAT_Groups_Float.uasset" 32
"../../../Engine/Content/EditorMaterials/MatineeGroups/MAT_Groups_Move.uasset" 33
"../../../Engine/Content/EditorMaterials/MatineeGroups/MAT_Groups_Slomo.uasset" 34
"../../../Engine/Content/EditorMaterials/MatineeGroups/MAT_Groups_Sound.uasset" 35
"../../../Engine/Content/EditorMaterials/MatineeGroups/MAT_Groups_Vector.uasset" 36
"../../../Engine/Content/EditorMaterials/ParticleSystems/PSysThumbnail_NoImage.uasset" 37
"../../../Engine/Content/EditorMaterials/ParticleSystems/PSysThumbnail_OOD.uasset" 38
"../../../Engine/Content/EditorMaterials/Camera/CineMat.uasset" 39
"../../../Engine/Content/EditorMaterials/Camera/MI_CineMat_Rig.uasset" 40
"../../../Engine/Content/EditorMeshes/Camera/SM_CraneRig_Arm.uasset" 41
"../../../Engine/Content/EditorMeshes/Camera/SM_CraneRig_Base.uasset" 42
"../../../Engine/Content/EditorMeshes/Camera/SM_CraneRig_Body.uasset" 43
"../../../Engine/Content/EditorMeshes/Camera/SM_CraneRig_Mount.uasset" 44
"../../../Engine/Content/EditorMeshes/Camera/SM_RailRig_Mount.uasset" 45
"../../../Engine/Content/EditorMeshes/Camera/SM_RailRig_Track.uasset" 46
"../../../Engine/Content/EditorResources/BSPVertex.uasset" 47
"../../../Engine/Content/EditorResources/EmptyActor.uasset" 48
"../../../Engine/Content/EditorResources/S_Actor.uasset" 49
"../../../Engine/Content/EditorResources/S_Note.uasset" 50
"../../../Engine/Content/EditorResources/S_Solver.uasset" 51
"../../../Engine/Content/EditorResources/S_Terrain.uasset" 52
"../../../Engine/Content/EditorResources/AudioIcons/S_AudioComponent_AutoActivate.uasset" 53
"../../../Engine/Content/EditorResources/LightIcons/S_LightError.uasset" 54
"../../../Engine/Content/EditorResources/SequenceRecorder/Countdown.uasset" 55
"../../../Engine/Content/EditorResources/SequenceRecorder/RecordingIndicator.uasset" 56
"../../../Engine/Content/EngineDamageTypes/DmgTypeBP_Environmental.uasset" 57
"../../../Engine/Content/EngineDebugMaterials/DebugEditorMaterial.uasset" 58
"../../../Engine/Content/EngineDebugMaterials/DebugMeshMaterial.uasset" 59
"../../../Engine/Content/EngineDebugMaterials/M_SimpleUnlitTranslucent.uasset" 60
"../../../Engine/Content/Functions/Engine_MaterialFunctions02/Utility/CameraDirectionVector.uasset" 61
"../../../Engine/Content/EngineDebugMaterials/VolumeToRender.uasset" 62
"../../../Engine/Content/EngineDebugMaterials/M_VolumeRenderSphereTracePP.uasset" 63
"../../../Engine/Content/EngineFonts/Faces/RobotoRegular.uasset" 64
"../../../Engine/Content/EngineFonts/Faces/RobotoLight.uasset" 65
"../../../Engine/Content/EngineFonts/Faces/RobotoItalic.uasset" 66
"../../../Engine/Content/EngineFonts/Faces/RobotoBoldItalic.uasset" 67
"../../../Engine/Content/EngineFonts/Faces/RobotoBold.uasset" 68
"../../../Engine/Content/EngineFonts/Faces/DroidSansFallback.uasset" 69
"../../../Engine/Content/EngineFonts/Roboto.uasset" 70
"../../../Engine/Content/EngineMaterials/BaseFlattenNormalMap.uasset" 71
"../../../Engine/Content/EngineMaterials/BaseFlattenGrayscaleMap.uasset" 72
"../../../Engine/Content/EngineMaterials/BaseFlattenEmissiveMap.uasset" 73
"../../../Engine/Content/EngineMaterials/BaseFlattenDiffuseMap.uasset" 74
"../../../Engine/Content/EngineMaterials/BaseFlattenMaterial.uasset" 75
"../../../Engine/Content/EngineMaterials/BlueNoise.uasset" 76
"../../../Engine/Content/EngineMaterials/DefaultBloomKernel.uasset" 77
"../../../Engine/Content/EngineMaterials/DefaultBokeh.uasset" 78
"../../../Engine/Content/EngineMaterials/DefaultDiffuse.uasset" 79
"../../../Engine/Content/EngineMaterials/DefaultDeferredDecalMaterial.uasset" 80
"../../../Engine/Content/EngineMaterials/DefaultLightFunctionMaterial.uasset" 81
"../../../Engine/Content/EngineMaterials/DefaultPhysicalMaterial.uasset" 82
"../../../Engine/Content/Functions/Engine_MaterialFunctions02/Utility/BreakOutFloat2Components.uasset" 83
"../../../Engine/Content/EngineMaterials/DefaultPostProcessMaterial.uasset" 84
"../../../Engine/Content/EngineFonts/RobotoDistanceField.uasset" 85
"../../../Engine/Content/EngineMaterials/DefaultTextMaterialOpaque.uasset" 86
"../../../Engine/Content/EngineMaterials/DefaultWhiteGrid.uasset" 87
"../../../Engine/Content/EngineMaterials/DefaultWhiteGrid_Low.uasset" 88
"../../../Engine/Content/EngineMaterials/EmissiveMeshMaterial.uasset" 89
"../../../Engine/Content/EngineMaterials/GizmoMaterial.uasset" 90
"../../../Engine/Content/EngineMaterials/MiniFont.uasset" 91
"../../../Engine/Content/EngineMaterials/InvalidLightmapSettings.uasset" 92
"../../../Engine/Content/EngineMaterials/M_InvalidLightmapSettings.uasset" 93
"../../../Engine/Content/Functions/Engine_MaterialFunctions02/WorldPositionOffset/CameraOffset.uasset" 94
"../../../Engine/Content/EngineMaterials/PhAT_JointLimitMaterial.uasset" 95
"../../../Engine/Content/EngineMaterials/PreintegratedSkinBRDF.uasset" 96
"../../../Engine/Content/EngineMaterials/RemoveSurfaceMaterial.uasset" 97
"../../../Engine/Content/EngineMaterials/WeightMapPlaceholderTexture.uasset" 98
"../../../Engine/Content/EngineResources/WhiteSquareTexture.uasset" 99
"../../../Engine/Content/EngineMaterials/Widget3DPassThrough.uasset" 100
"../../../Engine/Content/EngineMaterials/Widget3DPassThrough_Masked.uasset" 101
"../../../Engine/Content/EngineMaterials/Widget3DPassThrough_Opaque.uasset" 102
"../../../Engine/Content/EngineMaterials/Widget3DPassThrough_Masked_OneSided.uasset" 103
"../../../Engine/Content/EngineMaterials/Widget3DPassThrough_Opaque_OneSided.uasset" 104
"../../../Engine/Content/EngineMaterials/Widget3DPassThrough_Translucent.uasset" 105
"../../../Engine/Content/EngineMaterials/Widget3DPassThrough_Translucent_OneSided.uasset" 106
"../../../Engine/Content/EngineMeshes/Sphere.uasset" 107
"../../../Engine/Content/EngineResources/Black.uasset" 108
"../../../Engine/Content/EngineResources/DefaultTextureCube.uasset" 109
"../../../Engine/Content/EngineResources/DefaultVolumeTexture2D.uasset" 110
"../../../Engine/Content/EngineResources/DefaultVolumeTexture.uasset" 111
"../../../Engine/Content/EngineResources/GradientTexture0.uasset" 112
"../../../Engine/Content/EngineSky/VolumetricClouds/T_NoiseShape64.uasset" 113
"../../../Engine/Content/EngineSky/VolumetricClouds/T_VolumeNoiseShape64.uasset" 114
"../../../Engine/Content/EngineSky/VolumetricClouds/T_NoiseErosion.uasset" 115
"../../../Engine/Content/EngineSky/VolumetricClouds/T_VolumeNoiseErosion32.uasset" 116
"../../../Engine/Content/EngineSky/VolumetricClouds/CloudWeatherTexture.uasset" 117
"../../../Engine/Content/EngineSky/VolumetricClouds/CloudGradientTexture.uasset" 118
"../../../Engine/Content/Functions/Engine_MaterialFunctions02/Utility/MakeFloat2.uasset" 119
"../../../Engine/Content/EngineSky/VolumetricClouds/m_SimpleVolumetricCloud.uasset" 120
"../../../Engine/Content/EngineSky/VolumetricClouds/m_SimpleVolumetricCloud_Inst.uasset" 121
"../../../Engine/Content/EngineSounds/Master.uasset" 122
"../../../Engine/Content/Functions/Engine_MaterialFunctions01/Shading/ConvertFromDiffSpec.uasset" 123
"../../../Engine/Content/Functions/Engine_MaterialFunctions01/Shading/PowerToRoughness.uasset" 124
"../../../Engine/Content/Maps/Templates/Thumbnails/Default.uasset" 125
"../../../Engine/Content/Maps/Templates/Thumbnails/TimeOfDay.uasset" 126
"../../../Engine/Content/Maps/Templates/Thumbnails/VR-Basic.uasset" 127
"../../../Engine/Content/MobileResources/T_MobileControls_texture.uasset" 128
"../../../Engine/Content/MobileResources/T_MobileMenu2.uasset" 129
"../../../Engine/Content/MobileResources/HUD/AnalogHat.uasset" 130
"../../../Engine/Content/MobileResources/HUD/VirtualJoystick_Thumb.uasset" 131
"../../../Engine/Content/MobileResources/HUD/VirtualJoystick_Background.uasset" 132
"../../../Engine/Content/MobileResources/HUD/DefaultVirtualJoysticks.uasset" 133
"../../../Engine/Content/MobileResources/HUD/LeftVirtualJoystickOnly.uasset" 134
"../../../Engine/Content/MobileResources/HUD/MobileHUDButton1_off.uasset" 135
"../../../Engine/Content/MobileResources/HUD/MobileHUDButton1_on.uasset" 136
"../../../Engine/Content/MobileResources/HUD/MobileHUDButton2_off.uasset" 137
"../../../Engine/Content/MobileResources/HUD/MobileHUDButton2_on.uasset" 138
"../../../Engine/Content/MobileResources/HUD/MobileHUDButton3.uasset" 139
"../../../Engine/Content/MobileResources/HUD/MobileHUDButtonFire.uasset" 140
"../../../Engine/Content/MobileResources/HUD/MobileHUDDirectionPad.uasset" 141
"../../../Engine/Content/MobileResources/HUD/MobileHUDDirectionPad2.uasset" 142
"../../../Engine/Content/MobileResources/HUD/MobileHUDDirectionPad3.uasset" 143
"../../../Engine/Content/MobileResources/HUD/MobileHUDDirectionStick.uasset" 144
"../../../Engine/Content/MobileResources/HUD/T_Castle_ThumbstickInner.uasset" 145
"../../../Engine/Content/MobileResources/HUD/T_Castle_ThumbstickOutter.uasset" 146
"../../../Engine/Content/Tutorial/ContentIntroCurve.uasset" 147
"../../../Engine/Content/Tutorial/Basics/LevelEditorAttract.uasset" 148
"../../../Engine/Content/VREditor/TransformGizmo/TranslucentTransformGizmoMaterial.uasset" 149
"../../../Engine/Content/VREditor/LaserPointer/VR_LaserPower_01.uasset" 150
"../../../Engine/Content/VREditor/TransformGizmo/TransformGizmoMaterial.uasset" 151
"../../../Engine/Content/VREditor/TransformGizmo/BoundingBoxCorner.uasset" 152
"../../../Engine/Content/VREditor/TransformGizmo/BoundingBoxEdge.uasset" 153
"../../../Engine/Content/VREditor/TransformGizmo/PlaneTranslationHandle.uasset" 154
"../../../Engine/Content/VREditor/TransformGizmo/Xray.uasset" 155
"../../../Engine/Content/VREditor/TransformGizmo/Main.uasset" 156
"../../../Engine/Content/VREditor/TransformGizmo/SM_Sequencer_Key.uasset" 157
"../../../Engine/Content/VREditor/TransformGizmo/SM_Sequencer_Node.uasset" 158
"../../../Engine/Content/Functions/UserInterface/GetUserInterfaceUV.uasset" 159
"../../../Engine/Content/Functions/Engine_MaterialFunctions02/Utility/BreakOutFloat4Components.uasset" 160
"../../../Engine/Content/Functions/Engine_MaterialFunctions02/Utility/MakeFloat3.uasset" 161
"../../Plugins/Marketplace/DarkerNodes/Content/Materials/Box.uasset" 162
"../../Plugins/Marketplace/DarkerNodes/Content/Materials/Button.uasset" 163
"../../Plugins/Marketplace/DarkerNodes/Content/Materials/ButtonCut.uasset" 164
"../../../Engine/Content/EngineResources/DefaultTexture.uasset" 165
"../../Plugins/Marketplace/DarkerNodes/Content/Materials/CenterUVs.uasset" 166
"../../Plugins/Marketplace/DarkerNodes/Content/Materials/HeaderBox.uasset" 167
"../../Plugins/Marketplace/DarkerNodes/Content/Materials/Panel.uasset" 168
"../../Plugins/Marketplace/DarkerNodes/Content/Materials/SolidColor.uasset" 169
"../../../Engine/Content/ArtTools/RenderToTexture/Materials/Debug/M_Emissive_Color.uasset" 170
"../../../Engine/Content/BasicShapes/Cylinder.uasset" 171
"../../Plugins/Lumin/MagicLeapPassableWorld/Content/MagicLeapARPinInfoActor.uasset" 172
"G:/Projects/LazerLynx/Content/Skeletal/Cat_v2/SM_Cat_Physics.uasset" 173
"../../../Engine/Content/MapTemplates/Sky/Desert_Outer_HDR.uasset" 174
"../../../Engine/Content/EngineMaterials/T_Default_MacroVariation.uasset" 175
"../../../Engine/Content/EngineMaterials/Grid_N.uasset" 176
"../../../Engine/Content/EngineMaterials/DefaultNormal.uasset" 177
"G:/Projects/LazerLynx/Content/Materials/01_Clean/MF_AdvancedUV.uasset" 178
"../../../Engine/Content/Functions/Engine_MaterialFunctions02/Utility/BlendAngleCorrectedNormals.uasset" 179
"G:/Projects/LazerLynx/Content/Materials/01_Clean/M_GlassClean.uasset" 180
"G:/Projects/LazerLynx/Content/Skeletal/Cat_v2/Materials/CatHelmet.uasset" 181
"G:/Projects/LazerLynx/Content/Skeletal/Cat_v2/Materials/CatHelmet_Inst.uasset" 182
"G:/Projects/LazerLynx/Content/Skeletal/Cat_v2/Textures/KATZElow_Kat_OcclusionRoughnessMetallic.uasset" 183
"G:/Projects/LazerLynx/Content/Skeletal/Cat_v2/Textures/KATZElow_Kat_Normal.uasset" 184
"G:/Projects/LazerLynx/Content/Skeletal/Cat_v2/Textures/KATZElow_Kat_Emissive.uasset" 185
"G:/Projects/LazerLynx/Content/Skeletal/Cat_v2/Textures/KATZElow_Kat_BaseColor.uasset" 186
"G:/Projects/LazerLynx/Content/Materials/DefaultTextures/FlatWhite.uasset" 187
"G:/Projects/LazerLynx/Content/Materials/DefaultTextures/BlackNormal.uasset" 188
"G:/Projects/LazerLynx/Content/Geometry/Map/Textures/White.uasset" 189
"G:/Projects/LazerLynx/Content/Materials/M_MasterMaterial.uasset" 190
"G:/Projects/LazerLynx/Content/Skeletal/Cat_v2/Materials/Cat_Inst.uasset" 191
"G:/Projects/LazerLynx/Content/Skeletal/Cat_v2/Cat_Skeleton.uasset" 192
"G:/Projects/LazerLynx/Content/Skeletal/Cat_v2/SM_Cat.uasset" 193
"G:/Projects/LazerLynx/Content/Materials/M_invisible.uasset" 194
"G:/Projects/LazerLynx/Content/Skeletal/BlobPerson/M_Handle_001.uasset" 195
"G:/Projects/LazerLynx/Content/Skeletal/BlobPerson/M_Face_003.uasset" 196
"G:/Projects/LazerLynx/Content/Skeletal/BlobPerson/M_BlobBody.uasset" 197
"G:/Projects/LazerLynx/Content/Skeletal/BlobPerson/M_BlobBody_Inst1.uasset" 198
"G:/Projects/LazerLynx/Content/Skeletal/BlobPerson/M_Belt_Buckle_002.uasset" 199
"G:/Projects/LazerLynx/Content/Skeletal/BlobPerson/M_003.uasset" 200
"G:/Projects/LazerLynx/Content/Skeletal/BlobPerson/M_002.uasset" 201
"G:/Projects/LazerLynx/Content/Skeletal/BlobPerson/M_Leather_002.uasset" 202
"G:/Projects/LazerLynx/Content/Skeletal/BlobPerson/SM_BlobPerson.uasset" 203
"G:/Projects/LazerLynx/Content/Retro_Office/TXTRs/Unique/wallclock_01_RMA.uasset" 204
"G:/Projects/LazerLynx/Content/Retro_Office/TXTRs/Unique/wallclock_01_NRM.uasset" 205
"G:/Projects/LazerLynx/Content/Retro_Office/TXTRs/Unique/wallclock_01_ALB.uasset" 206
"G:/Projects/LazerLynx/Content/Retro_Office/TXTRs/Unique/monitor01_RMA.uasset" 207
"G:/Projects/LazerLynx/Content/Retro_Office/TXTRs/Unique/monitor01_NRM.uasset" 208
"G:/Projects/LazerLynx/Content/Retro_Office/TXTRs/Unique/monitor01_ALB.uasset" 209
"G:/Projects/LazerLynx/Content/Retro_Office/TXTRs/Unique/Mix_MASK.uasset" 210
"G:/Projects/LazerLynx/Content/Retro_Office/Mats/Masters/MM_MASTER.uasset" 211
"G:/Projects/LazerLynx/Content/Retro_Office/Mats/Instances/MI_WallClock.uasset" 212
"G:/Projects/LazerLynx/Content/Retro_Office/Mats/Masters/MM_Glass.uasset" 213
"G:/Projects/LazerLynx/Content/Retro_Office/Mats/Instances/MI_Glass2.uasset" 214
"G:/Projects/LazerLynx/Content/Retro_Office/Meshes/wallclock_01.uasset" 215
"G:/Projects/LazerLynx/Content/Retro_Office/TXTRs/Unique/trashcan_RMA.uasset" 216
"G:/Projects/LazerLynx/Content/Retro_Office/TXTRs/Unique/trashcan_NRM.uasset" 217
"G:/Projects/LazerLynx/Content/Retro_Office/TXTRs/Unique/trashcan_ALB.uasset" 218
"G:/Projects/LazerLynx/Content/Retro_Office/Mats/Instances/MI_Trashcan.uasset" 219
"G:/Projects/LazerLynx/Content/Retro_Office/Meshes/trashcan_01.uasset" 220
"G:/Projects/LazerLynx/Content/Retro_Office/TXTRs/Unique/shelf_wood_RMA.uasset" 221
"G:/Projects/LazerLynx/Content/Retro_Office/TXTRs/Unique/shelf_wood_NRM.uasset" 222
"G:/Projects/LazerLynx/Content/Retro_Office/TXTRs/Unique/shelf_wood_ALB.uasset" 223
"G:/Projects/LazerLynx/Content/Retro_Office/Mats/Instances/MI_Shelf01.uasset" 224
"G:/Projects/LazerLynx/Content/Retro_Office/Meshes/shelf_01.uasset" 225
"G:/Projects/LazerLynx/Content/Retro_Office/TXTRs/Unique/radio_RMA.uasset" 226
"G:/Projects/LazerLynx/Content/Retro_Office/TXTRs/Unique/radio_NRM.uasset" 227
"G:/Projects/LazerLynx/Content/Retro_Office/TXTRs/Unique/radio_ALB.uasset" 228
"G:/Projects/LazerLynx/Content/Retro_Office/Mats/Instances/MI_Radio.uasset" 229
"G:/Projects/LazerLynx/Content/Retro_Office/Meshes/radio_01.uasset" 230
"G:/Projects/LazerLynx/Content/Retro_Office/TXTRs/Unique/pot_RMA.uasset" 231
"G:/Projects/LazerLynx/Content/Retro_Office/TXTRs/Unique/plater_NRM.uasset" 232
"G:/Projects/LazerLynx/Content/Retro_Office/TXTRs/Unique/plater_ALB.uasset" 233
"G:/Projects/LazerLynx/Content/Retro_Office/Mats/Masters/MM_MASTER_MASK.uasset" 234
"G:/Projects/LazerLynx/Content/Retro_Office/Mats/Instances/MI_Planter.uasset" 235
"G:/Projects/LazerLynx/Content/Retro_Office/TXTRs/Unique/Plant_RMA.uasset" 236
"G:/Projects/LazerLynx/Content/Retro_Office/TXTRs/Unique/Plant_NRM.uasset" 237
"G:/Projects/LazerLynx/Content/Retro_Office/TXTRs/Unique/Plant_ALB.uasset" 238
"G:/Projects/LazerLynx/Content/Retro_Office/Mats/Masters/MM_Plant.uasset" 239
"G:/Projects/LazerLynx/Content/Retro_Office/Meshes/planter_01.uasset" 240
"G:/Projects/LazerLynx/Content/Retro_Office/Mats/Instances/MI_Paperbox_02.uasset" 241
"G:/Projects/LazerLynx/Content/Retro_Office/Meshes/paperbox_02.uasset" 242
"G:/Projects/LazerLynx/Content/Retro_Office/TXTRs/Unique/paperbox_RMA.uasset" 243
"G:/Projects/LazerLynx/Content/Retro_Office/TXTRs/Unique/paperbox_NRM.uasset" 244
"G:/Projects/LazerLynx/Content/Retro_Office/TXTRs/Unique/paperbox_ALB.uasset" 245
"G:/Projects/LazerLynx/Content/Retro_Office/Mats/Instances/MI_Paperbox.uasset" 246
"G:/Projects/LazerLynx/Content/Retro_Office/Meshes/paperbox_01.uasset" 247
"G:/Projects/LazerLynx/Content/Retro_Office/TXTRs/Unique/labels_ALB.uasset" 248
"G:/Projects/LazerLynx/Content/Retro_Office/TXTRs/Utlity/RMA_Temp.uasset" 249
"G:/Projects/LazerLynx/Content/Retro_Office/Mats/Instances/MI_Labels.uasset" 250
"G:/Projects/LazerLynx/Content/Retro_Office/Meshes/paper_02.uasset" 251
"G:/Projects/LazerLynx/Content/Retro_Office/TXTRs/Unique/oscillscreen_MASK.uasset" 252
"G:/Projects/LazerLynx/Content/Retro_Office/Mats/Masters/MM_WavelengthScreen.uasset" 253
"G:/Projects/LazerLynx/Content/Retro_Office/TXTRs/Unique/oscill_RMA.uasset" 254
"G:/Projects/LazerLynx/Content/Retro_Office/TXTRs/Unique/oscill_NRM.uasset" 255
"G:/Projects/LazerLynx/Content/Retro_Office/TXTRs/Unique/oscill_ALB.uasset" 256
"G:/Projects/LazerLynx/Content/Retro_Office/Mats/Instances/MI_Oscillo.uasset" 257
"G:/Projects/LazerLynx/Content/Retro_Office/Meshes/Oscillo.uasset" 258
"G:/Projects/LazerLynx/Content/Retro_Office/TXTRs/Tiling/glass_dirt_RMA.uasset" 259
"G:/Projects/LazerLynx/Content/Retro_Office/TXTRs/Tiling/glass_dirt_ALB.uasset" 260
"G:/Projects/LazerLynx/Content/Retro_Office/TXTRs/Utlity/glass_02.uasset" 261
"G:/Projects/LazerLynx/Content/Retro_Office/Mats/Masters/MM_GlassDirty.uasset" 262
"G:/Projects/LazerLynx/Content/Retro_Office/Mats/Instances/MI_Monitor01.uasset" 263
"G:/Projects/LazerLynx/Content/Retro_Office/Meshes/monitor01.uasset" 264
"G:/Projects/LazerLynx/Content/Retro_Office/TXTRs/Unique/lightswitch_RMA.uasset" 265
"G:/Projects/LazerLynx/Content/Retro_Office/TXTRs/Unique/lightswitch_NRM.uasset" 266
"G:/Projects/LazerLynx/Content/Retro_Office/TXTRs/Unique/lightswitch_ALB.uasset" 267
"G:/Projects/LazerLynx/Content/Retro_Office/Mats/Instances/MI_ElectricalOutlets.uasset" 268
"G:/Projects/LazerLynx/Content/Retro_Office/Meshes/lightswitch_wire.uasset" 269
"G:/Projects/LazerLynx/Content/Retro_Office/Mats/Masters/MM_GlassDirty_OPAC.uasset" 270
"G:/Projects/LazerLynx/Content/Retro_Office/TXTRs/Unique/fireex_RMA.uasset" 271
"G:/Projects/LazerLynx/Content/Retro_Office/TXTRs/Unique/fireex_NRM.uasset" 272
"G:/Projects/LazerLynx/Content/Retro_Office/TXTRs/Unique/fireex_ALB.uasset" 273
"G:/Projects/LazerLynx/Content/Retro_Office/Mats/Instances/MI_Fireex.uasset" 274
"G:/Projects/LazerLynx/Content/Retro_Office/Meshes/fireex_01.uasset" 275
"G:/Projects/LazerLynx/Content/Retro_Office/TXTRs/Unique/filecab_01_RMA.uasset" 276
"G:/Projects/LazerLynx/Content/Retro_Office/TXTRs/Unique/filecab_01_NRM.uasset" 277
"G:/Projects/LazerLynx/Content/Retro_Office/TXTRs/Unique/filecab_01_ALB.uasset" 278
"G:/Projects/LazerLynx/Content/Retro_Office/Mats/Instances/MI_FileCab_01.uasset" 279
"G:/Projects/LazerLynx/Content/Retro_Office/Meshes/filecab_03.uasset" 280
"G:/Projects/LazerLynx/Content/Retro_Office/Meshes/filecab_02.uasset" 281
"G:/Projects/LazerLynx/Content/Retro_Office/TXTRs/Unique/electro_01_RMA.uasset" 282
"G:/Projects/LazerLynx/Content/Retro_Office/TXTRs/Unique/electro_01_NRM.uasset" 283
"G:/Projects/LazerLynx/Content/Retro_Office/TXTRs/Unique/electro_01_ALB.uasset" 284
"G:/Projects/LazerLynx/Content/Retro_Office/Mats/Instances/MI_Electro_01.uasset" 285
"G:/Projects/LazerLynx/Content/Retro_Office/Meshes/electro_01.uasset" 286
"G:/Projects/LazerLynx/Content/Retro_Office/TXTRs/Unique/objects_RMA.uasset" 287
"G:/Projects/LazerLynx/Content/Retro_Office/TXTRs/Unique/objects_NRM.uasset" 288
"G:/Projects/LazerLynx/Content/Retro_Office/TXTRs/Unique/objects_ALB.uasset" 289
"G:/Projects/LazerLynx/Content/Retro_Office/Mats/Instances/MI_Objects.uasset" 290
"G:/Projects/LazerLynx/Content/Retro_Office/Meshes/cup.uasset" 291
"G:/Projects/LazerLynx/Content/Retro_Office/TXTRs/Unique/cigarette_RMA.uasset" 292
"G:/Projects/LazerLynx/Content/Retro_Office/TXTRs/Unique/cigarette_NRM.uasset" 293
"G:/Projects/LazerLynx/Content/Retro_Office/TXTRs/Unique/cigarette_ALB.uasset" 294
"G:/Projects/LazerLynx/Content/Retro_Office/Mats/Instances/MI_Cigarettes.uasset" 295
"G:/Projects/LazerLynx/Content/Retro_Office/Meshes/Cigarettes_01.uasset" 296
"G:/Projects/LazerLynx/Content/Retro_Office/TXTRs/Unique/chair02_RMA.uasset" 297
"G:/Projects/LazerLynx/Content/Retro_Office/TXTRs/Unique/chair02_NRM.uasset" 298
"G:/Projects/LazerLynx/Content/Retro_Office/TXTRs/Unique/chair02_ALB.uasset" 299
"G:/Projects/LazerLynx/Content/Retro_Office/Mats/Instances/MI_chair02.uasset" 300
"G:/Projects/LazerLynx/Content/Retro_Office/Meshes/chair_02.uasset" 301
"G:/Projects/LazerLynx/Content/Retro_Office/TXTRs/Unique/rack_RMA.uasset" 302
"G:/Projects/LazerLynx/Content/Retro_Office/TXTRs/Unique/rack_NRM.uasset" 303
"G:/Projects/LazerLynx/Content/Retro_Office/TXTRs/Unique/rack_ALB.uasset" 304
"G:/Projects/LazerLynx/Content/Retro_Office/Mats/Instances/MI_Cart.uasset" 305
"G:/Projects/LazerLynx/Content/Retro_Office/Meshes/Cart_01.uasset" 306
"G:/Projects/LazerLynx/Content/Retro_Office/TXTRs/Unique/camera_RMA.uasset" 307
"G:/Projects/LazerLynx/Content/Retro_Office/TXTRs/Unique/camera_NRM.uasset" 308
"G:/Projects/LazerLynx/Content/Retro_Office/TXTRs/Unique/camera_ALB.uasset" 309
"G:/Projects/LazerLynx/Content/Retro_Office/Mats/Instances/MI_Camera.uasset" 310
"G:/Projects/LazerLynx/Content/Retro_Office/Meshes/Camera_01.uasset" 311
"G:/Projects/LazerLynx/Content/Retro_Office/TXTRs/Unique/book_02_ALB.uasset" 312
"G:/Projects/LazerLynx/Content/Retro_Office/TXTRs/Unique/book_RMA.uasset" 313
"G:/Projects/LazerLynx/Content/Retro_Office/TXTRs/Unique/book_NRM.uasset" 314
"G:/Projects/LazerLynx/Content/Retro_Office/Mats/Instances/MI_Book_04.uasset" 315
"G:/Projects/LazerLynx/Content/Retro_Office/Meshes/book_mesh.uasset" 316
"G:/Projects/LazerLynx/Content/Retro_Office/TXTRs/Unique/ashtray_RMA.uasset" 317
"G:/Projects/LazerLynx/Content/Retro_Office/TXTRs/Unique/ashtray_NRM.uasset" 318
"G:/Projects/LazerLynx/Content/Retro_Office/TXTRs/Unique/ashtray_ALB.uasset" 319
"G:/Projects/LazerLynx/Content/Retro_Office/Mats/Instances/MI_Ashtray.uasset" 320
"G:/Projects/LazerLynx/Content/Retro_Office/Meshes/ashtray.uasset" 321
"G:/Projects/LazerLynx/Content/Materials/Colours/M_Colour.uasset" 322
"G:/Projects/LazerLynx/Content/Materials/Colours/Grey.uasset" 323
"G:/Projects/LazerLynx/Content/Geometry/Room/WallSection/Cube000_roughness.uasset" 324
"G:/Projects/LazerLynx/Content/Geometry/Room/WallSection/Cube000_normal.uasset" 325
"G:/Projects/LazerLynx/Content/Geometry/Room/WallSection/Cube000_albedo.uasset" 326
"G:/Projects/LazerLynx/Content/Geometry/Room/WallSection/Cube000_metallic.uasset" 327
"G:/Projects/LazerLynx/Content/Geometry/Room/WallSection/M_MasterMaterial_Inst2.uasset" 328
"G:/Projects/LazerLynx/Content/Geometry/Walls2.uasset" 329
"G:/Projects/LazerLynx/Content/Geometry/scifi_kitbash/textures/T_Wallfabric01_R.uasset" 330
"G:/Projects/LazerLynx/Content/Geometry/scifi_kitbash/textures/T_Wallfabric01_N.uasset" 331
"G:/Projects/LazerLynx/Content/Geometry/scifi_kitbash/textures/T_Wallfabric01_BC.uasset" 332
"G:/Projects/LazerLynx/Content/Geometry/scifi_kitbash/textures/T_Wallfabric01_AO.uasset" 333
"G:/Projects/LazerLynx/Content/Geometry/scifi_kitbash/textures/T_Wall01_R.uasset" 334
"G:/Projects/LazerLynx/Content/Geometry/scifi_kitbash/textures/T_Wall01_N.uasset" 335
"G:/Projects/LazerLynx/Content/Geometry/scifi_kitbash/textures/T_Wall01_BC.uasset" 336
"G:/Projects/LazerLynx/Content/Geometry/scifi_kitbash/textures/T_Wall01_AO.uasset" 337
"G:/Projects/LazerLynx/Content/Geometry/scifi_kitbash/textures/T_Wall01_MT.uasset" 338
"G:/Projects/LazerLynx/Content/Geometry/scifi_kitbash/materials/M_Wall01.uasset" 339
"G:/Projects/LazerLynx/Content/Geometry/scifi_kitbash/materials/MI_Wallfabric01.uasset" 340
"G:/Projects/LazerLynx/Content/Geometry/scifi_kitbash/textures/T_Wall07_R.uasset" 341
"G:/Projects/LazerLynx/Content/Geometry/scifi_kitbash/textures/T_Wall07_N.uasset" 342
"G:/Projects/LazerLynx/Content/Geometry/scifi_kitbash/textures/T_Wall07_BC.uasset" 343
"G:/Projects/LazerLynx/Content/Geometry/scifi_kitbash/textures/T_Wall07_AO.uasset" 344
"G:/Projects/LazerLynx/Content/Geometry/scifi_kitbash/materials/MI_Wall07.uasset" 345
"G:/Projects/LazerLynx/Content/Geometry/scifi_kitbash/textures/T_Wall04_R.uasset" 346
"G:/Projects/LazerLynx/Content/Geometry/scifi_kitbash/textures/T_Wall04_N.uasset" 347
"G:/Projects/LazerLynx/Content/Geometry/scifi_kitbash/textures/T_Wall04_BC.uasset" 348
"G:/Projects/LazerLynx/Content/Geometry/scifi_kitbash/textures/T_Wall04_AO.uasset" 349
"G:/Projects/LazerLynx/Content/Geometry/scifi_kitbash/materials/MI_Wall04.uasset" 350
"G:/Projects/LazerLynx/Content/Geometry/Walls.uasset" 351
"G:/Projects/LazerLynx/Content/Materials/Colours/Black.uasset" 352
"G:/Projects/LazerLynx/Content/Geometry/scifi_kitbash/textures/T_Ceiling01_R.uasset" 353
"G:/Projects/LazerLynx/Content/Geometry/scifi_kitbash/textures/T_Ceiling01_N.uasset" 354
"G:/Projects/LazerLynx/Content/Geometry/scifi_kitbash/textures/T_Ceiling01_BC.uasset" 355
"G:/Projects/LazerLynx/Content/Geometry/scifi_kitbash/textures/T_Ceiling01_AO.uasset" 356
"G:/Projects/LazerLynx/Content/Geometry/scifi_kitbash/materials/MI_Ceiling01.uasset" 357
"G:/Projects/LazerLynx/Content/Geometry/Table.uasset" 358
"G:/Projects/LazerLynx/Content/Geometry/scifi_kitbash/textures/T_Wall02_R.uasset" 359
"G:/Projects/LazerLynx/Content/Geometry/scifi_kitbash/textures/T_Wall02_N.uasset" 360
"G:/Projects/LazerLynx/Content/Geometry/scifi_kitbash/textures/T_Wall02_BC.uasset" 361
"G:/Projects/LazerLynx/Content/Geometry/scifi_kitbash/textures/T_Wall02_AO.uasset" 362
"G:/Projects/LazerLynx/Content/Geometry/scifi_kitbash/materials/MI_Wall02.uasset" 363
"G:/Projects/LazerLynx/Content/Geometry/scifi_kitbash/meshes/SM_Wall02.uasset" 364
"G:/Projects/LazerLynx/Content/Geometry/scifi_kitbash/textures/T_Pillar01_R.uasset" 365
"G:/Projects/LazerLynx/Content/Geometry/scifi_kitbash/textures/T_Pillar01_N.uasset" 366
"G:/Projects/LazerLynx/Content/Geometry/scifi_kitbash/textures/T_Pillar01_BC.uasset" 367
"G:/Projects/LazerLynx/Content/Geometry/scifi_kitbash/textures/T_Pillar01_AO.uasset" 368
"G:/Projects/LazerLynx/Content/Geometry/scifi_kitbash/materials/MI_Pillar01.uasset" 369
"G:/Projects/LazerLynx/Content/Geometry/scifi_kitbash/meshes/SM_Pillar01.uasset" 370
"G:/Projects/LazerLynx/Content/Geometry/scifi_kitbash/materials/M_LightGlow.uasset" 371
"G:/Projects/LazerLynx/Content/Geometry/scifi_kitbash/textures/T_Lights_R.uasset" 372
"G:/Projects/LazerLynx/Content/Geometry/scifi_kitbash/textures/T_Lights_N.uasset" 373
"G:/Projects/LazerLynx/Content/Geometry/scifi_kitbash/textures/T_Lights_BC.uasset" 374
"G:/Projects/LazerLynx/Content/Geometry/scifi_kitbash/textures/T_Lights_AO.uasset" 375
"G:/Projects/LazerLynx/Content/Geometry/scifi_kitbash/materials/MI_Light.uasset" 376
"G:/Projects/LazerLynx/Content/Geometry/scifi_kitbash/meshes/SM_Light01.uasset" 377
"G:/Projects/LazerLynx/Content/Geometry/scifi_kitbash/textures/T_Heavypillar_R.uasset" 378
"G:/Projects/LazerLynx/Content/Geometry/scifi_kitbash/textures/T_Heavypillar_N.uasset" 379
"G:/Projects/LazerLynx/Content/Geometry/scifi_kitbash/textures/T_Heavypillar_BC.uasset" 380
"G:/Projects/LazerLynx/Content/Geometry/scifi_kitbash/textures/T_Heavypillar_AO.uasset" 381
"G:/Projects/LazerLynx/Content/Geometry/scifi_kitbash/materials/MI_Heavypillar.uasset" 382
"G:/Projects/LazerLynx/Content/Geometry/scifi_kitbash/meshes/SM_HeavyPillar_Top.uasset" 383
"G:/Projects/LazerLynx/Content/Geometry/scifi_kitbash/textures/T_Floor01_R.uasset" 384
"G:/Projects/LazerLynx/Content/Geometry/scifi_kitbash/textures/T_Floor01_N.uasset" 385
"G:/Projects/LazerLynx/Content/Geometry/scifi_kitbash/textures/T_Floor01_BC.uasset" 386
"G:/Projects/LazerLynx/Content/Geometry/scifi_kitbash/textures/T_Floor01_AO.uasset" 387
"G:/Projects/LazerLynx/Content/Geometry/scifi_kitbash/materials/MI_Floor01.uasset" 388
"G:/Projects/LazerLynx/Content/Geometry/scifi_kitbash/meshes/SM_Floor01.uasset" 389
"G:/Projects/LazerLynx/Content/Geometry/scifi_kitbash/textures/T_FabricPipe_R.uasset" 390
"G:/Projects/LazerLynx/Content/Geometry/scifi_kitbash/textures/T_FabricPipe_N.uasset" 391
"G:/Projects/LazerLynx/Content/Geometry/scifi_kitbash/textures/T_FabricPipe_BC.uasset" 392
"G:/Projects/LazerLynx/Content/Geometry/scifi_kitbash/textures/T_FabricPipe_AO.uasset" 393
"G:/Projects/LazerLynx/Content/Geometry/scifi_kitbash/materials/MI_FabricPipe.uasset" 394
"G:/Projects/LazerLynx/Content/Geometry/scifi_kitbash/meshes/SM_FabricPipe04.uasset" 395
"G:/Projects/LazerLynx/Content/Geometry/scifi_kitbash/textures/T_Door01_R.uasset" 396
"G:/Projects/LazerLynx/Content/Geometry/scifi_kitbash/textures/T_Door01_N.uasset" 397
"G:/Projects/LazerLynx/Content/Geometry/scifi_kitbash/textures/T_Door01_BC.uasset" 398
"G:/Projects/LazerLynx/Content/Geometry/scifi_kitbash/textures/T_Door01_AO.uasset" 399
"G:/Projects/LazerLynx/Content/Geometry/scifi_kitbash/materials/MI_Door01.uasset" 400
"G:/Projects/LazerLynx/Content/Geometry/scifi_kitbash/meshes/SM_Door01.uasset" 401
"G:/Projects/LazerLynx/Content/Geometry/scifi_kitbash/textures/T_Crate_R.uasset" 402
"G:/Projects/LazerLynx/Content/Geometry/scifi_kitbash/textures/T_Crate_N.uasset" 403
"G:/Projects/LazerLynx/Content/Geometry/scifi_kitbash/textures/T_Crate_BC.uasset" 404
"G:/Projects/LazerLynx/Content/Geometry/scifi_kitbash/textures/T_Crate_AO.uasset" 405
"G:/Projects/LazerLynx/Content/Geometry/scifi_kitbash/materials/MI_Crate.uasset" 406
"G:/Projects/LazerLynx/Content/Geometry/scifi_kitbash/meshes/SM_Crate01.uasset" 407
"G:/Projects/LazerLynx/Content/Geometry/scifi_kitbash/textures/T_Container_R.uasset" 408
"G:/Projects/LazerLynx/Content/Geometry/scifi_kitbash/textures/T_Container_N.uasset" 409
"G:/Projects/LazerLynx/Content/Geometry/scifi_kitbash/textures/T_Container_BC.uasset" 410
"G:/Projects/LazerLynx/Content/Geometry/scifi_kitbash/textures/T_Container_AO.uasset" 411
"G:/Projects/LazerLynx/Content/Geometry/scifi_kitbash/materials/MI_Container.uasset" 412
"G:/Projects/LazerLynx/Content/Geometry/scifi_kitbash/meshes/SM_ContainerQuarter.uasset" 413
"G:/Projects/LazerLynx/Content/Geometry/scifi_kitbash/meshes/SM_Ceiling03.uasset" 414
"G:/Projects/LazerLynx/Content/Geometry/scifi_kitbash/meshes/SM_Ceiling02.uasset" 415
"G:/Projects/LazerLynx/Content/Geometry/scifi_kitbash/textures/T_Rails_R.uasset" 416
"G:/Projects/LazerLynx/Content/Geometry/scifi_kitbash/textures/T_Rails_N.uasset" 417
"G:/Projects/LazerLynx/Content/Geometry/scifi_kitbash/textures/T_Rails_BC.uasset" 418
"G:/Projects/LazerLynx/Content/Geometry/scifi_kitbash/textures/T_Rails_AO.uasset" 419
"G:/Projects/LazerLynx/Content/Geometry/scifi_kitbash/materials/MI_Rails.uasset" 420
"G:/Projects/LazerLynx/Content/Geometry/scifi_kitbash/meshes/SM_Cable06.uasset" 421
"G:/Projects/LazerLynx/Content/Geometry/scifi_kitbash/meshes/SM_Cable05.uasset" 422
"G:/Projects/LazerLynx/Content/Geometry/scifi_kitbash/meshes/SM_Cable03.uasset" 423
"G:/Projects/LazerLynx/Content/Geometry/scifi_kitbash/meshes/SM_Cable01.uasset" 424
"G:/Projects/LazerLynx/Content/Geometry/scifi_kitbash/meshes/SM_Beam03.uasset" 425
"G:/Projects/LazerLynx/Content/Geometry/scifi_kitbash/meshes/SM_Beam02.uasset" 426
"G:/Projects/LazerLynx/Content/Geometry/scifi_kitbash/meshes/SM_Beam01.uasset" 427
"G:/Projects/LazerLynx/Content/Geometry/scifi_kitbash/textures/T_Barrel01_R.uasset" 428
"G:/Projects/LazerLynx/Content/Geometry/scifi_kitbash/textures/T_Barrel01_N.uasset" 429
"G:/Projects/LazerLynx/Content/Geometry/scifi_kitbash/textures/T_Barrel01_BC.uasset" 430
"G:/Projects/LazerLynx/Content/Geometry/scifi_kitbash/textures/T_Barrel01_AO.uasset" 431
"G:/Projects/LazerLynx/Content/Geometry/scifi_kitbash/materials/MI_Barrel01.uasset" 432
"G:/Projects/LazerLynx/Content/Geometry/scifi_kitbash/meshes/SM_Barrel.uasset" 433
"G:/Projects/LazerLynx/Content/Materials/Colours/Off-White_Inst.uasset" 434
"G:/Projects/LazerLynx/Content/Geometry/Room/SM_DoorFrame.uasset" 435
"G:/Projects/LazerLynx/Content/Geometry/Owain/Textures/scifipooltable_PoolTable_OcclusionRoughnessMetallic.uasset" 436
"G:/Projects/LazerLynx/Content/Geometry/Owain/Textures/scifipooltable_PoolTable_Normal.uasset" 437
"G:/Projects/LazerLynx/Content/Geometry/Owain/Textures/scifipooltable_PoolTable_BaseColor.uasset" 438
"G:/Projects/LazerLynx/Content/Geometry/Owain/PoolTable_Inst.uasset" 439
"G:/Projects/LazerLynx/Content/Geometry/Owain/Textures/scifipooltable_PoolCue_OcclusionRoughnessMetallic.uasset" 440
"G:/Projects/LazerLynx/Content/Geometry/Owain/Textures/scifipooltable_PoolCue_Normal.uasset" 441
"G:/Projects/LazerLynx/Content/Geometry/Owain/Textures/scifipooltable_PoolCue_BaseColor.uasset" 442
"G:/Projects/LazerLynx/Content/Geometry/Owain/PoolCue_Inst.uasset" 443
"G:/Projects/LazerLynx/Content/Geometry/Owain/scifipooltable.uasset" 444
"G:/Projects/LazerLynx/Content/Geometry/Light1.uasset" 445
"G:/Projects/LazerLynx/Content/Geometry/Light.uasset" 446
"G:/Projects/LazerLynx/Content/Geometry/Handle.uasset" 447
"G:/Projects/LazerLynx/Content/Geometry/Blade.uasset" 448
"G:/Projects/LazerLynx/Content/Geometry/Knife.uasset" 449
"G:/Projects/LazerLynx/Content/Geometry/scifi_kitbash/textures/T_Floor03_R.uasset" 450
"G:/Projects/LazerLynx/Content/Geometry/scifi_kitbash/textures/T_Floor03_N.uasset" 451
"G:/Projects/LazerLynx/Content/Geometry/scifi_kitbash/textures/T_Floor03_AO.uasset" 452
"G:/Projects/LazerLynx/Content/Geometry/scifi_kitbash/textures/T_Floor03_A.uasset" 453
"G:/Projects/LazerLynx/Content/Geometry/scifi_kitbash/materials/MI_Floor03.uasset" 454
"G:/Projects/LazerLynx/Content/Geometry/scifi_kitbash/textures/T_Floor02_Grey_A.uasset" 455
"G:/Projects/LazerLynx/Content/Geometry/scifi_kitbash/textures/T_Floor02_R.uasset" 456
"G:/Projects/LazerLynx/Content/Geometry/scifi_kitbash/textures/T_Floor02_N.uasset" 457
"G:/Projects/LazerLynx/Content/Geometry/scifi_kitbash/textures/T_Floor02_AO.uasset" 458
"G:/Projects/LazerLynx/Content/Geometry/scifi_kitbash/materials/MI_Floor02_Grey.uasset" 459
"G:/Projects/LazerLynx/Content/Geometry/scifi_kitbash/textures/T_Floor01_Grey_BC.uasset" 460
"G:/Projects/LazerLynx/Content/Geometry/scifi_kitbash/materials/MI_Floor01_Grey.uasset" 461
"G:/Projects/LazerLynx/Content/Geometry/Floors.uasset" 462
"G:/Projects/LazerLynx/Content/Geometry/Environment_Set/Environment/Foliage/Textures/T_Poplar_MT_R_AO.uasset" 463
"G:/Projects/LazerLynx/Content/Geometry/Environment_Set/Environment/Foliage/Textures/T_Fir_leaves_N.uasset" 464
"G:/Projects/LazerLynx/Content/Geometry/Environment_Set/Environment/Foliage/Textures/T_Fir_leaves_BC_T.uasset" 465
"G:/Projects/LazerLynx/Content/Geometry/Environment_Set/Environment/Foliage/Textures/T_Poplar_leaves_N.uasset" 466
"G:/Projects/LazerLynx/Content/Geometry/Environment_Set/Environment/Foliage/Textures/T_Poplar_leaves_BC.uasset" 467
"../../../Engine/Content/Functions/Engine_MaterialFunctions01/WorldPositionOffset/SimpleGrassWind.uasset" 468
"G:/Projects/LazerLynx/Content/Geometry/Environment_Set/Environment/Foliage/Materials/M_leaves.uasset" 469
"G:/Projects/LazerLynx/Content/Geometry/Environment_Set/Environment/Foliage/Materials/MI_leaves_Fir.uasset" 470
"G:/Projects/LazerLynx/Content/Geometry/Environment_Set/Environment/Foliage/Textures/T_Fir_02_Imposter_N.uasset" 471
"G:/Projects/LazerLynx/Content/Geometry/Environment_Set/Environment/Foliage/Textures/T_Fir_02_Imposter_BC.uasset" 472
"G:/Projects/LazerLynx/Content/Geometry/Environment_Set/Environment/Foliage/Textures/T_Poplar_01_Imposter_N.uasset" 473
"G:/Projects/LazerLynx/Content/Geometry/Environment_Set/Environment/Foliage/Textures/T_Poplar_01_Imposter_BC.uasset" 474
"../../../Engine/Content/Functions/Engine_MaterialFunctions02/Utility/VectorLength.uasset" 475
"../../../Engine/Content/Functions/Engine_MaterialFunctions02/WorldPositionOffset/ObjectScale.uasset" 476
"../../../Engine/Content/Functions/Engine_MaterialFunctions02/Utility/VectorToRadialValue.uasset" 477
"../../../Engine/Content/EngineMaterials/Good64x64TilingNoiseHighFreq.uasset" 478
"../../../Engine/Content/Functions/Engine_MaterialFunctions02/Texturing/ScreenAlignedPixelToPixelUVs.uasset" 479
"../../../Engine/Content/Functions/Engine_MaterialFunctions02/Utility/DitherTemporalAA.uasset" 480
"../../../Engine/Content/Functions/Engine_MaterialFunctions02/Utility/BreakOutFloat3Components.uasset" 481
"../../../Engine/Content/Functions/Engine_MaterialFunctions01/Texturing/TextureCropping.uasset" 482
"../../../Engine/Content/Functions/Engine_MaterialFunctions01/Texturing/ComputeMipLevel.uasset" 483
"../../../Engine/Content/Functions/Engine_MaterialFunctions02/ExampleContent/Textures/DebugNumberPeriod.uasset" 484
"../../../Engine/Content/Functions/Engine_MaterialFunctions02/ExampleContent/DebugNumberStrip.uasset" 485
"../../../Engine/Content/Functions/Engine_MaterialFunctions02/Utility/DebugScalarValues.uasset" 486
"../../../Engine/Content/Functions/Engine_MaterialFunctions02/Utility/DebugFloat2Values.uasset" 487
"../../../Engine/Content/Functions/Engine_MaterialFunctions02/ExampleContent/Textures/flipbook.uasset" 488
"../../../Engine/Content/Functions/Engine_MaterialFunctions02/Texturing/FlipBook.uasset" 489
"../../../Engine/Content/Functions/Engine_MaterialFunctions02/SafeNormalize.uasset" 490
"../../../Engine/Content/Functions/Engine_MaterialFunctions02/Math/Transform3x3Matrix.uasset" 491
"../../../Engine/Content/Functions/Engine_MaterialFunctions02/Math/Pi.uasset" 492
"../../../Engine/Content/Functions/Engine_MaterialFunctions02/Math/CreateThirdOrthogonalVector.uasset" 493
"../../../Engine/Content/ArtTools/RenderToTexture/MaterialFunctions/FoliageZRotation.uasset" 494
"../../../Engine/Content/ArtTools/RenderToTexture/MaterialFunctions/ImposterUVs.uasset" 495
"G:/Projects/LazerLynx/Content/Geometry/Environment_Set/Environment/Foliage/Materials/M_Imposters.uasset" 496
"G:/Projects/LazerLynx/Content/Geometry/Environment_Set/Environment/Foliage/Materials/MI_Imposter_Fir_02.uasset" 497
"G:/Projects/LazerLynx/Content/Geometry/Environment_Set/Environment/Foliage/Textures/T_Fir_bark_01_N.uasset" 498
"G:/Projects/LazerLynx/Content/Geometry/Environment_Set/Environment/Foliage/Textures/T_Fir_bark_01_MT_R_AO_H.uasset" 499
"G:/Projects/LazerLynx/Content/Geometry/Environment_Set/Environment/Foliage/Textures/T_Fir_alba_bark_01_BC.uasset" 500
"G:/Projects/LazerLynx/Content/Geometry/Environment_Set/Environment/Foliage/Textures/T_Poplar_bark_01_N.uasset" 501
"G:/Projects/LazerLynx/Content/Geometry/Environment_Set/Environment/Foliage/Textures/T_Poplar_bark_01_MT_R_AO.uasset" 502
"G:/Projects/LazerLynx/Content/Geometry/Environment_Set/Environment/Foliage/Textures/T_Poplar_bark_01_BC_H.uasset" 503
"G:/Projects/LazerLynx/Content/Geometry/Environment_Set/Environment/Foliage/Materials/M_Bark.uasset" 504
"G:/Projects/LazerLynx/Content/Geometry/Environment_Set/Environment/Foliage/Materials/MI_Bark_Fir_01.uasset" 505
"G:/Projects/LazerLynx/Content/Geometry/Environment_Set/Environment/Foliage/Models/Fir_02_Small.uasset" 506
"G:/Projects/LazerLynx/Content/Geometry/CeilingLight2.uasset" 507
"G:/Projects/LazerLynx/Content/Materials/Colours/Orange.uasset" 508
"G:/Projects/LazerLynx/Content/Retro_Office/TXTRs/Unique/box_RMA.uasset" 509
"G:/Projects/LazerLynx/Content/Retro_Office/TXTRs/Unique/box_NRM.uasset" 510
"G:/Projects/LazerLynx/Content/Retro_Office/TXTRs/Unique/box_ALB.uasset" 511
"G:/Projects/LazerLynx/Content/Retro_Office/Mats/Instances/MI_Box.uasset" 512
"G:/Projects/LazerLynx/Content/Geometry/Box.uasset" 513
"G:/Projects/LazerLynx/Content/Audio/SFX/Sci-Fi__Spaceship__Ambience_04_SND28345_2.uasset" 514
"G:/Projects/LazerLynx/Content/Audio/SFX/Sci-Fi__Spaceship__Ambience_04_SND28345_2_Cue.uasset" 515
"../../../Engine/Content/BasicShapes/Plane.uasset" 516
"../../../Engine/Content/BasicShapes/Cube.uasset" 517
"G:/Projects/LazerLynx/Content/Materials/Colours/Yellow.uasset" 518
"G:/Projects/LazerLynx/Content/Materials/Colours/Red.uasset" 519
"G:/Projects/LazerLynx/Content/Materials/Colours/Glowies/Glow.uasset" 520
"G:/Projects/LazerLynx/Content/Materials/Colours/Glowies/RedGlow.uasset" 521
"G:/Projects/LazerLynx/Content/Materials/Colours/Glowies/PurpleGlow.uasset" 522
"G:/Projects/LazerLynx/Content/Materials/Colours/Glowies/GreenGlow.uasset" 523
"G:/Projects/LazerLynx/Content/Materials/Colours/Glowies/BlueGlow.uasset" 524
"G:/Projects/LazerLynx/Content/Materials/Colours/DarkBrown.uasset" 525
"G:/Projects/LazerLynx/Content/Materials/Colours/Black2.uasset" 526
"G:/Projects/LazerLynx/Content/Materials/Colours/Black1.uasset" 527
"G:/Projects/LazerLynx/Content/Geometry/scifi_kitbash/materials/MI_Pillar02.uasset" 528
"G:/Projects/LazerLynx/Content/Geometry/scifi_kitbash/materials/M_GlowRed.uasset" 529
"G:/Projects/LazerLynx/Content/Geometry/scifi_kitbash/materials/M_GlowOrange.uasset" 530
"G:/Projects/LazerLynx/Content/Geometry/scifi_kitbash/materials/M_GlowBlue.uasset" 531
"G:/Projects/LazerLynx/Content/Geometry/TheEntireUniverse/unknown__8_.uasset" 532
"G:/Projects/LazerLynx/Content/Geometry/TheEntireUniverse/unknown__8__Mat.uasset" 533
"G:/Projects/LazerLynx/Content/Geometry/TheEntireUniverse/Earth.uasset" 534
"G:/Projects/LazerLynx/Content/Geometry/TheEntireUniverse/Earth_Mat.uasset" 535
"../../../Engine/Content/BasicShapes/BasicShapeMaterial.uasset" 536
"G:/Projects/LazerLynx/Content/Maps/FirstPersonExampleMap_BuiltData.uasset" 537
"G:/Projects/LazerLynx/Content/Audio/SFX/BookSounds/Book__Movement_In_Bookcase_SND23881_1.uasset" 538
"G:/Projects/LazerLynx/Content/Audio/SFX/BookSounds/Book__Movement_In_Bookcase_SND23881_2.uasset" 539
"G:/Projects/LazerLynx/Content/Audio/SFX/BookSounds/Book__Movement_In_Bookcase_SND23881_Cue.uasset" 540
"G:/Projects/LazerLynx/Content/Blueprints/Interactables/Domino.uasset" 541
"G:/Projects/LazerLynx/Content/Blueprints/Interactables/scifilever_lp_Blueprint.uasset" 542
"G:/Projects/LazerLynx/Content/Retro_Office/TXTRs/Unique/folders_NRM.uasset" 543
"G:/Projects/LazerLynx/Content/Retro_Office/TXTRs/Unique/folders_ALB.uasset" 544
"G:/Projects/LazerLynx/Content/Retro_Office/Mats/Instances/MI_File_01.uasset" 545
"G:/Projects/LazerLynx/Content/Retro_Office/TXTRs/Unique/folderholder_02_RMA.uasset" 546
"G:/Projects/LazerLynx/Content/Retro_Office/TXTRs/Unique/folderholder_02_NRM.uasset" 547
"G:/Projects/LazerLynx/Content/Retro_Office/TXTRs/Unique/folderholder_02_ALB.uasset" 548
"G:/Projects/LazerLynx/Content/Retro_Office/Mats/Instances/MI_Fileholder_2.uasset" 549
"G:/Projects/LazerLynx/Content/Retro_Office/Meshes/fileholder_02.uasset" 550
"G:/Projects/LazerLynx/Content/Blueprints/InteractInterface.uasset" 551
"G:/Projects/LazerLynx/Content/Blueprints/Interactables/fileholder_95_Blueprint.uasset" 552
"G:/Projects/LazerLynx/Content/Geometry/scifi_kitbash/materials/MI_Cable.uasset" 553
"G:/Projects/LazerLynx/Content/Materials/Colours/DarkBrown1.uasset" 554
"G:/Projects/LazerLynx/Content/Meshes/Boxes.uasset" 555
"G:/Projects/LazerLynx/Content/Blueprints/Interactables/Boxes_Blueprint.uasset" 556
"G:/Projects/LazerLynx/Content/Skeletal/Cat_v2/cat_anim_idlesit.uasset" 557
"G:/Projects/LazerLynx/Content/Skeletal/Cat_v2/Aimspace/AS_UpRight.uasset" 558
"G:/Projects/LazerLynx/Content/Skeletal/Cat_v2/Aimspace/AS_UpMid.uasset" 559
"G:/Projects/LazerLynx/Content/Skeletal/Cat_v2/Aimspace/AS_UpLeft.uasset" 560
"G:/Projects/LazerLynx/Content/Skeletal/Cat_v2/Aimspace/AS_MidRight.uasset" 561
"G:/Projects/LazerLynx/Content/Skeletal/Cat_v2/Aimspace/AS_MidMid.uasset" 562
"G:/Projects/LazerLynx/Content/Skeletal/Cat_v2/Aimspace/AS_MidLeft.uasset" 563
"G:/Projects/LazerLynx/Content/Skeletal/Cat_v2/Aimspace/AS_DownRight.uasset" 564
"G:/Projects/LazerLynx/Content/Skeletal/Cat_v2/Aimspace/AS_DownMid.uasset" 565
"G:/Projects/LazerLynx/Content/Skeletal/Cat_v2/Aimspace/AS_DownLeft.uasset" 566
"G:/Projects/LazerLynx/Content/Skeletal/Cat_v2/Aimspace/AS_CatLook.uasset" 567
"G:/Projects/LazerLynx/Content/Audio/SFX/Steps/Step_1_Cue.uasset" 568
"G:/Projects/LazerLynx/Content/Skeletal/Cat_v2/Cat_Anim_walkFast.uasset" 569
"G:/Projects/LazerLynx/Content/Skeletal/Cat_v2/Cat_Anim_walk.uasset" 570
"G:/Projects/LazerLynx/Content/Skeletal/Cat_v2/Cat_Anim_Run.uasset" 571
"G:/Projects/LazerLynx/Content/Skeletal/Cat_v2/cat_anim_idle.uasset" 572
"G:/Projects/LazerLynx/Content/Skeletal/Cat_v2/CatWalk.uasset" 573
"G:/Projects/LazerLynx/Content/Skeletal/Cat_v2/Cat_Skeleton_AnimBlueprint.uasset" 574
"G:/Projects/LazerLynx/Content/Blueprints/Curves/C_LaserPointDistanceScale.uasset" 575
"G:/Projects/LazerLynx/Content/Blueprints/Library_Functions.uasset" 576
"G:/Projects/LazerLynx/Content/Blueprints/Curves/C_LaserPointSpeedScale.uasset" 577
"../../../Engine/Content/EditorBlueprintResources/StandardMacros.uasset" 578
"G:/Projects/LazerLynx/Content/Blueprints/BP_LaserPoint.uasset" 579
"G:/Projects/LazerLynx/Content/Audio/UI/App__Alert_Tone__Bright_Perc_X2_SND37224_22.uasset" 580
"G:/Projects/LazerLynx/Content/Audio/UI/tap-toothy.uasset" 581
"G:/Projects/LazerLynx/Content/Blueprints/UI/SourceFiles/unknown__7_.uasset" 582
"G:/Projects/LazerLynx/Content/Blueprints/UI/W_Title.uasset" 583
"G:/Projects/LazerLynx/Content/Blueprints/UI/SourceFiles/Logo_Transparent_Alignment_Fixed.uasset" 584
"G:/Projects/LazerLynx/Content/Blueprints/UI/SourceFiles/HighresScreenshot00000.uasset" 585
"G:/Projects/LazerLynx/Content/Materials/proxima.uasset" 586
"G:/Projects/LazerLynx/Content/Materials/proxima_Font.uasset" 587
"G:/Projects/LazerLynx/Content/Blueprints/UI/SourceFiles/UI_Button2.uasset" 588
"G:/Projects/LazerLynx/Content/Blueprints/UI/SourceFiles/nasalization-rg.uasset" 589
"G:/Projects/LazerLynx/Content/Blueprints/UI/SourceFiles/nasalization-rg_Font.uasset" 590
"G:/Projects/LazerLynx/Content/Blueprints/UI/W_Credits.uasset" 591
"G:/Projects/LazerLynx/Content/Blueprints/UI/Achievement.uasset" 592
"G:/Projects/LazerLynx/Content/Blueprints/UI/W_Ach.uasset" 593
"G:/Projects/LazerLynx/Content/Blueprints/UI/W_HUD.uasset" 594
"G:/Projects/LazerLynx/Content/AchievementIcons/airlock.uasset" 595
"G:/Projects/LazerLynx/Content/AchievementIcons/balloons.uasset" 596
"G:/Projects/LazerLynx/Content/AchievementIcons/tether.uasset" 597
"G:/Projects/LazerLynx/Content/AchievementIcons/domino.uasset" 598
"G:/Projects/LazerLynx/Content/AchievementIcons/cat.uasset" 599
"G:/Projects/LazerLynx/Content/AchievementIcons/slide.uasset" 600
"G:/Projects/LazerLynx/Content/AchievementIcons/lamp.uasset" 601
"G:/Projects/LazerLynx/Content/AchievementIcons/bruh.uasset" 602
"G:/Projects/LazerLynx/Content/AchievementIcons/home.uasset" 603
"G:/Projects/LazerLynx/Content/AchievementIcons/grinch.uasset" 604
"G:/Projects/LazerLynx/Content/Blueprints/UI/AchivementsTable.uasset" 605
"G:/Projects/LazerLynx/Content/Blueprints/MyGameInstance.uasset" 606
"G:/Projects/LazerLynx/Content/Blueprints/UI/W_Achievements.uasset" 607
"G:/Projects/LazerLynx/Content/Blueprints/UI/W_MainMenu.uasset" 608
"G:/Projects/LazerLynx/Content/Blueprints/UI/W_GameOver.uasset" 609
"G:/Projects/LazerLynx/Content/Blueprints/UI/UI_Escape.uasset" 610
"G:/Projects/LazerLynx/Content/Blueprints/Curves/C_DistanceFOV.uasset" 611
"G:/Projects/LazerLynx/Content/Blueprints/Library_Macros.uasset" 612
"G:/Projects/LazerLynx/Content/Blueprints/E_ToggleMode.uasset" 613
"G:/Projects/LazerLynx/Content/Crossing.uasset" 614
"G:/Projects/LazerLynx/Content/Music_Cue.uasset" 615
"G:/Projects/LazerLynx/Content/Blueprints/FirstPersonCharacter.uasset" 616
"G:/Projects/LazerLynx/Content/Blueprints/Lynx/AI/BB_Lynx.uasset" 617
"G:/Projects/LazerLynx/Content/Blueprints/Lynx/AI/T_StopMontage.uasset" 618
"G:/Projects/LazerLynx/Content/Blueprints/Lynx/AI/T_Sit.uasset" 619
"G:/Projects/LazerLynx/Content/Blueprints/Lynx/AI/T_Roam.uasset" 620
"G:/Projects/LazerLynx/Content/Blueprints/Lynx/AI/T_Pounce.uasset" 621
"G:/Projects/LazerLynx/Content/Blueprints/Lynx/AI/T_ChaseLaser.uasset" 622
"G:/Projects/LazerLynx/Content/Blueprints/Lynx/AI/T_BitchMode.uasset" 623
"G:/Projects/LazerLynx/Content/Blueprints/Lynx/AI/S_RandomSit.uasset" 624
"G:/Projects/LazerLynx/Content/Blueprints/Lynx/AI/BT_Lynx.uasset" 625
"G:/Projects/LazerLynx/Content/Blueprints/Curves/C_InterestSpeed.uasset" 626
"G:/Projects/LazerLynx/Content/Blueprints/Lynx/AI/AI_LynxController.uasset" 627
"G:/Projects/LazerLynx/Content/Blueprints/Lynx/BP_Lynx.uasset" 628
"G:/Projects/LazerLynx/Content/Maps/FirstPersonExampleMap.umap" 629
"G:/Projects/LazerLynx/Content/Retro_Office/Meshes/fileholder_01.uasset" 630
"G:/Projects/LazerLynx/Content/Retro_Office/Meshes/box_01.uasset" 631
"G:/Projects/LazerLynx/Content/Geometry/scifi_kitbash/meshes/SM_Door02.uasset" 632
"G:/Projects/LazerLynx/Content/Retro_Office/Mats/Instances/MI_Box2.uasset" 633
"G:/Projects/LazerLynx/Content/Retro_Office/Mats/Instances/MI_Box1.uasset" 634
"G:/Projects/LazerLynx/Content/Materials/Colours/Blue.uasset" 635
"G:/Projects/LazerLynx/Content/Maps/L_Routes_BuiltData.uasset" 636
"G:/Projects/LazerLynx/Content/Audio/SFX/Click4.uasset" 637
"G:/Projects/LazerLynx/Content/podDoor_Blueprint.uasset" 638
"G:/Projects/LazerLynx/Content/Audio/SFX/Button/App__Alert_Tone__Light_X2_01_SND37234.uasset" 639
"G:/Projects/LazerLynx/Content/Audio/SFX/Button/Button.uasset" 640
"G:/Projects/LazerLynx/Content/Geometry/Meshes/CubeMaterial.uasset" 641
"G:/Projects/LazerLynx/Content/Blueprints/Interactables/ButtonType.uasset" 642
"G:/Projects/LazerLynx/Content/Blueprints/Interactables/WalkableButton_Blueprint.uasset" 643
"G:/Projects/LazerLynx/Content/Audio/SFX/Water_Pressure__Spray_Bottle__Release_Air_2_SND26643_2.uasset" 644
"G:/Projects/LazerLynx/Content/Audio/SFX/Water_Pressure__Spray_Bottle__Release_Air_2_SND26643_2_Cue.uasset" 645
"G:/Projects/LazerLynx/Content/Geometry/Owain/Textures/scifilever_lp_Lever_OcclusionRoughnessMetallic.uasset" 646
"G:/Projects/LazerLynx/Content/Geometry/Owain/Textures/scifilever_lp_Lever_Normal.uasset" 647
"G:/Projects/LazerLynx/Content/Geometry/Owain/Textures/scifilever_lp_Lever_BaseColor.uasset" 648
"G:/Projects/LazerLynx/Content/Geometry/Owain/Lever_Inst.uasset" 649
"G:/Projects/LazerLynx/Content/Geometry/Owain/scifilever_lp_Plane_003.uasset" 650
"G:/Projects/LazerLynx/Content/Geometry/Owain/scifilever_lp_Plane_002.uasset" 651
"G:/Projects/LazerLynx/Content/Geometry/Owain/scifilever_lp_Plane.uasset" 652
"G:/Projects/LazerLynx/Content/Audio/SFX/Sci-Fi__Alarm__Emergency__Meltdown_SND32305.uasset" 653
"G:/Projects/LazerLynx/Content/Audio/SFX/Sci-Fi__Alarm__Emergency__Meltdown_SND32305_Cue.uasset" 654
"G:/Projects/LazerLynx/Content/Audio/SFX/Bruh_Sound_Effect__2.uasset" 655
"G:/Projects/LazerLynx/Content/Blueprints/Interactables/scifilever_lp_Plane_Blueprint.uasset" 656
"G:/Projects/LazerLynx/Content/Retro_Office/Meshes/fileholder_03.uasset" 657
"G:/Projects/LazerLynx/Content/Blueprints/Interactables/CatCable_Blueprint.uasset" 658
"G:/Projects/LazerLynx/Content/Retro_Office/Mats/Masters/DirtyGlass.uasset" 659
"G:/Projects/LazerLynx/Content/Retro_Office/TXTRs/Unique/lamp_RMA.uasset" 660
"G:/Projects/LazerLynx/Content/Retro_Office/TXTRs/Unique/lamp_NRM.uasset" 661
"G:/Projects/LazerLynx/Content/Retro_Office/TXTRs/Unique/lamp_ALB.uasset" 662
"G:/Projects/LazerLynx/Content/Retro_Office/Mats/Instances/MI_Lamp.uasset" 663
"G:/Projects/LazerLynx/Content/Retro_Office/Meshes/desklamp.uasset" 664
"G:/Projects/LazerLynx/Content/Blueprints/Interactables/BP_Lamp.uasset" 665
"G:/Projects/LazerLynx/Content/Materials/M_AlarmRed.uasset" 666
"G:/Projects/LazerLynx/Content/Blueprints/BP_WarningLight.uasset" 667
"../../../Engine/Content/EditorResources/S_Trigger.uasset" 668
"G:/Projects/LazerLynx/Content/Retro_Office/Mats/Instances/MI_Box3.uasset" 669
"G:/Projects/LazerLynx/Content/Blueprints/Interactables/Present_Blueprint.uasset" 670
"G:/Projects/LazerLynx/Content/Geometry/Owain/baloon.uasset" 671
"G:/Projects/LazerLynx/Content/Materials/Colours/Green.uasset" 672
"G:/Projects/LazerLynx/Content/Audio/SFX/Balloon__Pop_SND15890_1.uasset" 673
"G:/Projects/LazerLynx/Content/Audio/SFX/BalloonPop.uasset" 674
"G:/Projects/LazerLynx/Content/Audio/SFX/Balloon__Pop_SND15890_1_Cue.uasset" 675
"G:/Projects/LazerLynx/Content/Blueprints/Interactables/Balloon_Blueprint.uasset" 676
"G:/Projects/LazerLynx/Content/Maps/L_Routes.umap" 677
"G:/Projects/LazerLynx/Content/Maps/mainMenuMap.umap" 678
"../../../Engine/Content/Maps/Entry_BuiltData.uasset" 679
"../../../Engine/Content/Maps/Entry.umap" 680
